# JRE version: OpenJDK Runtime Environment Temurin-21.0.10+7 (21.0.10+7) (build 21.0.10+7-LTS)
# Java VM: OpenJDK 64-Bit Server VM Temurin-21.0.10+7 (21.0.10+7-LTS, mixed mode, sharing, tiered, compressed oops, compressed class ptrs, parallel gc, windows-amd64)
GC Precious Log:
 CardTable entry size: 512
 CPUs: 8 total, 8 available
 Memory: 5877M
 Large Page Support: Disabled
 NUMA Support: Disabled
 Compressed Oops: Enabled (32-bit)
 Alignments: Space 512K, Generation 512K, Heap 2M
 Heap Min Capacity: 100M
 Heap Initial Capacity: 100M
 Heap Max Capacity: 2G
 Pre-touch: Disabled
 Parallel Workers: 8
Heap:
 PSYoungGen      total 20480K, used 3173K [0x00000000d5580000, 0x00000000d6c00000, 0x0000000100000000)
  eden space 19968K, 13% used [0x00000000d5580000,0x00000000d58197a0,0x00000000d6900000)
  from space 512K, 99% used [0x00000000d6b80000,0x00000000d6bffe48,0x00000000d6c00000)
  to   space 1536K, 0% used [0x00000000d6900000,0x00000000d6900000,0x00000000d6a80000)
 ParOldGen       total 68608K, used 48572K [0x0000000080000000, 0x0000000084300000, 0x00000000d5580000)
  object space 68608K, 70% used [0x0000000080000000,0x0000000082f6f0b0,0x0000000084300000)
 Metaspace       used 66437K, committed 68032K, reserved 1114112K
  class space    used 8402K, committed 9088K, reserved 1048576K
GC Heap History (20 events):
Event: 339.901 GC heap before
{Heap before GC invocations=54 (full 3):
 PSYoungGen      total 20480K, used 20128K [0x00000000d5580000, 0x00000000d6c80000, 0x0000000100000000)
  eden space 19968K, 100% used [0x00000000d5580000,0x00000000d6900000,0x00000000d6900000)
  from space 512K, 31% used [0x00000000d6c00000,0x00000000d6c28000,0x00000000d6c80000)
  to   space 512K, 0% used [0x00000000d6900000,0x00000000d6900000,0x00000000d6980000)
 ParOldGen       total 68608K, used 46689K [0x0000000080000000, 0x0000000084300000, 0x00000000d5580000)
  object space 68608K, 68% used [0x0000000080000000,0x0000000082d98570,0x0000000084300000)
 Metaspace       used 64386K, committed 65856K, reserved 1114112K
  class space    used 8168K, committed 8832K, reserved 1048576K
}
Event: 339.902 GC heap after
{Heap after GC invocations=54 (full 3):
 PSYoungGen      total 20480K, used 224K [0x00000000d5580000, 0x00000000d6c80000, 0x0000000100000000)
  eden space 19968K, 0% used [0x00000000d5580000,0x00000000d5580000,0x00000000d6900000)
  from space 512K, 43% used [0x00000000d6900000,0x00000000d6938000,0x00000000d6980000)
  to   space 512K, 0% used [0x00000000d6c00000,0x00000000d6c00000,0x00000000d6c80000)
 ParOldGen       total 68608K, used 46721K [0x0000000080000000, 0x0000000084300000, 0x00000000d5580000)
  object space 68608K, 68% used [0x0000000080000000,0x0000000082da0570,0x0000000084300000)
 Metaspace       used 64386K, committed 65856K, reserved 1114112K
  class space    used 8168K, committed 8832K, reserved 1048576K
}
Event: 343.656 GC heap before
{Heap before GC invocations=55 (full 3):
 PSYoungGen      total 20480K, used 20192K [0x00000000d5580000, 0x00000000d6c80000, 0x0000000100000000)
  eden space 19968K, 100% used [0x00000000d5580000,0x00000000d6900000,0x00000000d6900000)
  from space 512K, 43% used [0x00000000d6900000,0x00000000d6938000,0x00000000d6980000)
  to   space 512K, 0% used [0x00000000d6c00000,0x00000000d6c00000,0x00000000d6c80000)
 ParOldGen       total 68608K, used 46721K [0x0000000080000000, 0x0000000084300000, 0x00000000d5580000)
  object space 68608K, 68% used [0x0000000080000000,0x0000000082da0570,0x0000000084300000)
 Metaspace       used 64394K, committed 65856K, reserved 1114112K
  class space    used 8168K, committed 8832K, reserved 1048576K
}
Event: 343.660 GC heap after
{Heap after GC invocations=55 (full 3):
 PSYoungGen      total 20480K, used 432K [0x00000000d5580000, 0x00000000d6c80000, 0x0000000100000000)
  eden space 19968K, 0% used [0x00000000d5580000,0x00000000d5580000,0x00000000d6900000)
  from space 512K, 84% used [0x00000000d6c00000,0x00000000d6c6c210,0x00000000d6c80000)
  to   space 512K, 0% used [0x00000000d6900000,0x00000000d6900000,0x00000000d6980000)
 ParOldGen       total 68608K, used 46721K [0x0000000080000000, 0x0000000084300000, 0x00000000d5580000)
  object space 68608K, 68% used [0x0000000080000000,0x0000000082da0570,0x0000000084300000)
 Metaspace       used 64394K, committed 65856K, reserved 1114112K
  class space    used 8168K, committed 8832K, reserved 1048576K
}
Event: 347.508 GC heap before
{Heap before GC invocations=56 (full 3):
 PSYoungGen      total 20480K, used 20400K [0x00000000d5580000, 0x00000000d6c80000, 0x0000000100000000)
  eden space 19968K, 100% used [0x00000000d5580000,0x00000000d6900000,0x00000000d6900000)
  from space 512K, 84% used [0x00000000d6c00000,0x00000000d6c6c210,0x00000000d6c80000)
  to   space 512K, 0% used [0x00000000d6900000,0x00000000d6900000,0x00000000d6980000)
 ParOldGen       total 68608K, used 46721K [0x0000000080000000, 0x0000000084300000, 0x00000000d5580000)
  object space 68608K, 68% used [0x0000000080000000,0x0000000082da0570,0x0000000084300000)
 Metaspace       used 65551K, committed 67072K, reserved 1114112K
  class space    used 8292K, committed 8960K, reserved 1048576K
}
Event: 347.513 GC heap after
{Heap after GC invocations=56 (full 3):
 PSYoungGen      total 20480K, used 504K [0x00000000d5580000, 0x00000000d6c80000, 0x0000000100000000)
  eden space 19968K, 0% used [0x00000000d5580000,0x00000000d5580000,0x00000000d6900000)
  from space 512K, 98% used [0x00000000d6900000,0x00000000d697e1a8,0x00000000d6980000)
  to   space 1024K, 0% used [0x00000000d6b80000,0x00000000d6b80000,0x00000000d6c80000)
 ParOldGen       total 68608K, used 46881K [0x0000000080000000, 0x0000000084300000, 0x00000000d5580000)
  object space 68608K, 68% used [0x0000000080000000,0x0000000082dc8780,0x0000000084300000)
 Metaspace       used 65551K, committed 67072K, reserved 1114112K
  class space    used 8292K, committed 8960K, reserved 1048576K
}
Event: 356.282 GC heap before
{Heap before GC invocations=57 (full 3):
 PSYoungGen      total 20480K, used 20472K [0x00000000d5580000, 0x00000000d6c80000, 0x0000000100000000)
  eden space 19968K, 100% used [0x00000000d5580000,0x00000000d6900000,0x00000000d6900000)
  from space 512K, 98% used [0x00000000d6900000,0x00000000d697e1a8,0x00000000d6980000)
  to   space 1024K, 0% used [0x00000000d6b80000,0x00000000d6b80000,0x00000000d6c80000)
 ParOldGen       total 68608K, used 46881K [0x0000000080000000, 0x0000000084300000, 0x00000000d5580000)
  object space 68608K, 68% used [0x0000000080000000,0x0000000082dc8780,0x0000000084300000)
 Metaspace       used 66023K, committed 67584K, reserved 1114112K
  class space    used 8351K, committed 9024K, reserved 1048576K
}
Event: 356.379 GC heap after
{Heap after GC invocations=57 (full 3):
 PSYoungGen      total 20480K, used 352K [0x00000000d5580000, 0x00000000d6c00000, 0x0000000100000000)
  eden space 19968K, 0% used [0x00000000d5580000,0x00000000d5580000,0x00000000d6900000)
  from space 512K, 68% used [0x00000000d6b80000,0x00000000d6bd8000,0x00000000d6c00000)
  to   space 512K, 0% used [0x00000000d6900000,0x00000000d6900000,0x00000000d6980000)
 ParOldGen       total 68608K, used 47382K [0x0000000080000000, 0x0000000084300000, 0x00000000d5580000)
  object space 68608K, 69% used [0x0000000080000000,0x0000000082e45ae0,0x0000000084300000)
 Metaspace       used 66023K, committed 67584K, reserved 1114112K
  class space    used 8351K, committed 9024K, reserved 1048576K
}
Event: 369.746 GC heap before
{Heap before GC invocations=58 (full 3):
 PSYoungGen      total 20480K, used 20320K [0x00000000d5580000, 0x00000000d6c00000, 0x0000000100000000)
  eden space 19968K, 100% used [0x00000000d5580000,0x00000000d6900000,0x00000000d6900000)
  from space 512K, 68% used [0x00000000d6b80000,0x00000000d6bd8000,0x00000000d6c00000)
  to   space 512K, 0% used [0x00000000d6900000,0x00000000d6900000,0x00000000d6980000)
 ParOldGen       total 68608K, used 47382K [0x0000000080000000, 0x0000000084300000, 0x00000000d5580000)
  object space 68608K, 69% used [0x0000000080000000,0x0000000082e45ae0,0x0000000084300000)
 Metaspace       used 66029K, committed 67584K, reserved 1114112K
  class space    used 8352K, committed 9024K, reserved 1048576K
}
Event: 369.747 GC heap after
{Heap after GC invocations=58 (full 3):
 PSYoungGen      total 20480K, used 192K [0x00000000d5580000, 0x00000000d6c00000, 0x0000000100000000)
  eden space 19968K, 0% used [0x00000000d5580000,0x00000000d5580000,0x00000000d6900000)
  from space 512K, 37% used [0x00000000d6900000,0x00000000d6930000,0x00000000d6980000)
  to   space 512K, 0% used [0x00000000d6b80000,0x00000000d6b80000,0x00000000d6c00000)
 ParOldGen       total 68608K, used 47654K [0x0000000080000000, 0x0000000084300000, 0x00000000d5580000)
  object space 68608K, 69% used [0x0000000080000000,0x0000000082e89b20,0x0000000084300000)
 Metaspace       used 66029K, committed 67584K, reserved 1114112K
  class space    used 8352K, committed 9024K, reserved 1048576K
}
Event: 372.992 GC heap before
{Heap before GC invocations=59 (full 3):
 PSYoungGen      total 20480K, used 20160K [0x00000000d5580000, 0x00000000d6c00000, 0x0000000100000000)
  eden space 19968K, 100% used [0x00000000d5580000,0x00000000d6900000,0x00000000d6900000)
  from space 512K, 37% used [0x00000000d6900000,0x00000000d6930000,0x00000000d6980000)
  to   space 512K, 0% used [0x00000000d6b80000,0x00000000d6b80000,0x00000000d6c00000)
 ParOldGen       total 68608K, used 47654K [0x0000000080000000, 0x0000000084300000, 0x00000000d5580000)
  object space 68608K, 69% used [0x0000000080000000,0x0000000082e89b20,0x0000000084300000)
 Metaspace       used 66063K, committed 67648K, reserved 1114112K
  class space    used 8358K, committed 9024K, reserved 1048576K
}
Event: 372.995 GC heap after
{Heap after GC invocations=59 (full 3):
 PSYoungGen      total 20480K, used 224K [0x00000000d5580000, 0x00000000d6c00000, 0x0000000100000000)
  eden space 19968K, 0% used [0x00000000d5580000,0x00000000d5580000,0x00000000d6900000)
  from space 512K, 43% used [0x00000000d6b80000,0x00000000d6bb8000,0x00000000d6c00000)
  to   space 512K, 0% used [0x00000000d6900000,0x00000000d6900000,0x00000000d6980000)
 ParOldGen       total 68608K, used 47694K [0x0000000080000000, 0x0000000084300000, 0x00000000d5580000)
  object space 68608K, 69% used [0x0000000080000000,0x0000000082e93b20,0x0000000084300000)
 Metaspace       used 66063K, committed 67648K, reserved 1114112K
  class space    used 8358K, committed 9024K, reserved 1048576K
}
Event: 379.263 GC heap before
{Heap before GC invocations=60 (full 3):
 PSYoungGen      total 20480K, used 20192K [0x00000000d5580000, 0x00000000d6c00000, 0x0000000100000000)
  eden space 19968K, 100% used [0x00000000d5580000,0x00000000d6900000,0x00000000d6900000)
  from space 512K, 43% used [0x00000000d6b80000,0x00000000d6bb8000,0x00000000d6c00000)
  to   space 512K, 0% used [0x00000000d6900000,0x00000000d6900000,0x00000000d6980000)
 ParOldGen       total 68608K, used 47694K [0x0000000080000000, 0x0000000084300000, 0x00000000d5580000)
  object space 68608K, 69% used [0x0000000080000000,0x0000000082e93b20,0x0000000084300000)
 Metaspace       used 66064K, committed 67648K, reserved 1114112K
  class space    used 8358K, committed 9024K, reserved 1048576K
}
Event: 379.264 GC heap after
{Heap after GC invocations=60 (full 3):
 PSYoungGen      total 20480K, used 224K [0x00000000d5580000, 0x00000000d6c00000, 0x0000000100000000)
  eden space 19968K, 0% used [0x00000000d5580000,0x00000000d5580000,0x00000000d6900000)
  from space 512K, 43% used [0x00000000d6900000,0x00000000d6938000,0x00000000d6980000)
  to   space 512K, 0% used [0x00000000d6b80000,0x00000000d6b80000,0x00000000d6c00000)
 ParOldGen       total 68608K, used 47754K [0x0000000080000000, 0x0000000084300000, 0x00000000d5580000)
  object space 68608K, 69% used [0x0000000080000000,0x0000000082ea2b30,0x0000000084300000)
 Metaspace       used 66064K, committed 67648K, reserved 1114112K
  class space    used 8358K, committed 9024K, reserved 1048576K
}
Event: 384.996 GC heap before
{Heap before GC invocations=61 (full 3):
 PSYoungGen      total 20480K, used 20192K [0x00000000d5580000, 0x00000000d6c00000, 0x0000000100000000)
  eden space 19968K, 100% used [0x00000000d5580000,0x00000000d6900000,0x00000000d6900000)
  from space 512K, 43% used [0x00000000d6900000,0x00000000d6938000,0x00000000d6980000)
  to   space 512K, 0% used [0x00000000d6b80000,0x00000000d6b80000,0x00000000d6c00000)
 ParOldGen       total 68608K, used 47754K [0x0000000080000000, 0x0000000084300000, 0x00000000d5580000)
  object space 68608K, 69% used [0x0000000080000000,0x0000000082ea2b30,0x0000000084300000)
 Metaspace       used 66064K, committed 67648K, reserved 1114112K
  class space    used 8358K, committed 9024K, reserved 1048576K
}
Event: 384.998 GC heap after
{Heap after GC invocations=61 (full 3):
 PSYoungGen      total 20480K, used 160K [0x00000000d5580000, 0x00000000d6c00000, 0x0000000100000000)
  eden space 19968K, 0% used [0x00000000d5580000,0x00000000d5580000,0x00000000d6900000)
  from space 512K, 31% used [0x00000000d6b80000,0x00000000d6ba8000,0x00000000d6c00000)
  to   space 512K, 0% used [0x00000000d6900000,0x00000000d6900000,0x00000000d6980000)
 ParOldGen       total 68608K, used 47834K [0x0000000080000000, 0x0000000084300000, 0x00000000d5580000)
  object space 68608K, 69% used [0x0000000080000000,0x0000000082eb6b50,0x0000000084300000)
 Metaspace       used 66064K, committed 67648K, reserved 1114112K
  class space    used 8358K, committed 9024K, reserved 1048576K
}
Event: 388.113 GC heap before
{Heap before GC invocations=62 (full 3):
 PSYoungGen      total 20480K, used 20128K [0x00000000d5580000, 0x00000000d6c00000, 0x0000000100000000)
  eden space 19968K, 100% used [0x00000000d5580000,0x00000000d6900000,0x00000000d6900000)
  from space 512K, 31% used [0x00000000d6b80000,0x00000000d6ba8000,0x00000000d6c00000)
  to   space 512K, 0% used [0x00000000d6900000,0x00000000d6900000,0x00000000d6980000)
 ParOldGen       total 68608K, used 47834K [0x0000000080000000, 0x0000000084300000, 0x00000000d5580000)
  object space 68608K, 69% used [0x0000000080000000,0x0000000082eb6b50,0x0000000084300000)
 Metaspace       used 66064K, committed 67648K, reserved 1114112K
  class space    used 8358K, committed 9024K, reserved 1048576K
}
Event: 388.114 GC heap after
{Heap after GC invocations=62 (full 3):
 PSYoungGen      total 20480K, used 192K [0x00000000d5580000, 0x00000000d6c00000, 0x0000000100000000)
  eden space 19968K, 0% used [0x00000000d5580000,0x00000000d5580000,0x00000000d6900000)
  from space 512K, 37% used [0x00000000d6900000,0x00000000d6930000,0x00000000d6980000)
  to   space 512K, 0% used [0x00000000d6b80000,0x00000000d6b80000,0x00000000d6c00000)
 ParOldGen       total 68608K, used 47850K [0x0000000080000000, 0x0000000084300000, 0x00000000d5580000)
  object space 68608K, 69% used [0x0000000080000000,0x0000000082ebab50,0x0000000084300000)
 Metaspace       used 66064K, committed 67648K, reserved 1114112K
  class space    used 8358K, committed 9024K, reserved 1048576K
}
Event: 799.462 GC heap before
{Heap before GC invocations=63 (full 3):
 PSYoungGen      total 20480K, used 20160K [0x00000000d5580000, 0x00000000d6c00000, 0x0000000100000000)
  eden space 19968K, 100% used [0x00000000d5580000,0x00000000d6900000,0x00000000d6900000)
  from space 512K, 37% used [0x00000000d6900000,0x00000000d6930000,0x00000000d6980000)
  to   space 512K, 0% used [0x00000000d6b80000,0x00000000d6b80000,0x00000000d6c00000)
 ParOldGen       total 68608K, used 47850K [0x0000000080000000, 0x0000000084300000, 0x00000000d5580000)
  object space 68608K, 69% used [0x0000000080000000,0x0000000082ebab50,0x0000000084300000)
 Metaspace       used 66281K, committed 67904K, reserved 1114112K
  class space    used 8390K, committed 9088K, reserved 1048576K
}
Event: 799.569 GC heap after
{Heap after GC invocations=63 (full 3):
 PSYoungGen      total 20480K, used 511K [0x00000000d5580000, 0x00000000d6c00000, 0x0000000100000000)
  eden space 19968K, 0% used [0x00000000d5580000,0x00000000d5580000,0x00000000d6900000)
  from space 512K, 99% used [0x00000000d6b80000,0x00000000d6bffe48,0x00000000d6c00000)
  to   space 1536K, 0% used [0x00000000d6900000,0x00000000d6900000,0x00000000d6a80000)
 ParOldGen       total 68608K, used 48572K [0x0000000080000000, 0x0000000084300000, 0x00000000d5580000)
  object space 68608K, 70% used [0x0000000080000000,0x0000000082f6f0b0,0x0000000084300000)
 Metaspace       used 66281K, committed 67904K, reserved 1114112K
  class space    used 8390K, committed 9088K, reserved 1048576K
}

